<?xml version="1.0" encoding="UTF-8"?>
<!-- Generated by org.testng.reporters.JUnitReportReporter -->
<testsuite hostname="Angkanas-MBP.fios-router.home" failures="0" tests="1" name="tests.AmazonAddToCartTest" time="0.003" errors="0" timestamp="2021-06-03T20:57:06 EDT" skipped="0">
  <testcase classname="tests.AmazonAddToCartTest" name="f" time="0.003"/>
  <system-out/>
</testsuite> <!-- tests.AmazonAddToCartTest -->
