<?xml version="1.0" encoding="UTF-8"?>
<!-- Generated by org.testng.reporters.JUnitReportReporter -->
<testsuite hostname="Angkanas-MBP.fios-router.home" failures="0" tests="3" name="tests.SeleniumEasyAlertTests" time="24.909" errors="0" timestamp="2021-06-03T20:57:06 EDT" skipped="0">
  <testcase classname="tests.SeleniumEasyAlertTests" name="firstAlertTest" time="9.480"/>
  <system-out/>
  <testcase classname="tests.SeleniumEasyAlertTests" name="secondAlertTest" time="7.641"/>
  <system-out/>
  <testcase classname="tests.SeleniumEasyAlertTests" name="thirdAlertTest" time="7.788"/>
  <system-out/>
</testsuite> <!-- tests.SeleniumEasyAlertTests -->
