<?xml version="1.0" encoding="UTF-8"?>
<!-- Generated by org.testng.reporters.JUnitReportReporter -->
<testsuite hostname="Angkanas-MBP.fios-router.home" failures="0" tests="1" name="tests.AmazonItemPurchaseTest" time="0.001" errors="0" timestamp="2021-06-03T20:57:06 EDT" skipped="0">
  <testcase classname="tests.AmazonItemPurchaseTest" name="f" time="0.001"/>
  <system-out/>
</testsuite> <!-- tests.AmazonItemPurchaseTest -->
