<?xml version="1.0" encoding="UTF-8"?>
<!-- Generated by org.testng.reporters.JUnitReportReporter -->
<testsuite hostname="Angkanas-MBP.fios-router.home" failures="0" tests="3" name="tests.AmazonSearchTest" time="68.792" errors="0" timestamp="2021-06-03T20:57:06 EDT" skipped="0">
  <testcase classname="tests.AmazonSearchTest" name="searchResultVerify" time="28.340"/>
  <system-out/>
  <testcase classname="tests.AmazonSearchTest" name="dropDownTest" time="13.650"/>
  <system-out/>
  <testcase classname="tests.AmazonSearchTest" name="amazonSearchTest" time="26.802"/>
  <system-out/>
</testsuite> <!-- tests.AmazonSearchTest -->
