<?xml version="1.0" encoding="UTF-8"?>
<!-- Generated by org.testng.reporters.JUnitReportReporter -->
<testsuite hostname="Angkanas-MBP.fios-router.home" failures="0" tests="1" name="tests.AmazonCreateAccountTest" time="0.007" errors="0" timestamp="2021-06-03T20:57:06 EDT" skipped="0">
  <testcase classname="tests.AmazonCreateAccountTest" name="f" time="0.007"/>
  <system-out/>
</testsuite> <!-- tests.AmazonCreateAccountTest -->
